********************************************************************************
DUPLICATOR-LITE PACKAGE-LOG: July 2, 2021 4:06 pm
NOTICE: Do NOT post to public sites or forums 
********************************************************************************
VERSION:	1.3.36
WORDPRESS:	5.4.6
PHP INFO:	7.0.33-27+ubuntu16.04.1+deb.sury.org+1 | SAPI: apache2handler
SERVER:		Apache/2.4.18 (Ubuntu) 
PHP TIME LIMIT: (0) no time limit imposed 
PHP MAX MEMORY: 4294967296 (512M default) 
MEMORY STACK: 4MB

********************************************************************************
DATABASE:
********************************************************************************
BUILD MODE:   MYSQLDUMP
MYSQLTIMEOUT: 5000
MYSQLDUMP:    Is Supported
SQL CREATED: 21062021_cc_86cc67bd3e0b748e2626_20210702160645_database.sql
SQL FILE SIZE: 6.73MB (7056709)
SQL FILE TIME: 2021-07-02 16:06:50
SQL RUNTIME: 0.53 sec.

********************************************************************************
ARCHIVE (ZIP):
********************************************************************************
ARCHIVE DIR:  /var/www/html/cc
ARCHIVE FILE: 21062021_cc_86cc67bd3e0b748e2626_20210702160645_archive.zip
FILTERS: *OFF*
DIRS:
	not set
FILES:
	not set
EXTS:  not set
----------------------------------------
COMPRESSING
SIZE:	0B
STATS:	Dirs 0 | Files 0
SQL ADDED: 21062021_cc_86cc67bd3e0b748e2626_20210702160645_database.sql
ZipArchive Object
(
    [status] => 0
    [statusSys] => 0
    [numFiles] => 1
    [filename] => /var/www/html/cc/wp-snapshots/tmp/21062021_cc_86cc67bd3e0b748e2626_20210702160645_archive.zip
    [comment] => 
)

FILE ADDED TO ZIP: 0
COMPRESSION RESULT: '1'
COMPRESSED SIZE: 1.06MB
ARCHIVE RUNTIME: 0.45 sec.
MEMORY STACK: 4MB
building installer
add_extra_files1
add_extra_files2
add_extra_files3
add_extra_files4
Doing archive file check
add_extra_files5
add_extra_files6
add_extra_files8
Successfully opened zip /var/www/html/cc/wp-snapshots/tmp/21062021_cc_86cc67bd3e0b748e2626_20210702160645_archive.zip
Adding enhanced installer files to archive using ZipArchive
Installer files added to archive
Added to archive
After ziparchive close when adding installer

********************************************************************************
INTEGRITY CHECKS:
********************************************************************************
SQL FILE: 6.73MB
INSTALLER FILE: 61.31KB
ARCHIVE FILE: 2.52MB 
EXPECTED FILE/DIRECTORY COUNT: 0
ACTUAL FILE/DIRECTORY COUNT: 0
ARCHIVE CONSISTENCY TEST: Pass

********************************************************************************
RECORD ID:[4]
TOTAL PROCESS RUNTIME: 1.43 sec.
PEAK PHP MEMORY USED: 8MB
DONE PROCESSING => 21062021_cc July 2, 2021 4:06 pm

