********************************************************************************
DUPLICATOR-LITE PACKAGE-LOG: December 28, 2021 4:44 pm
NOTICE: Do NOT post to public sites or forums 
********************************************************************************
VERSION:	1.3.36
WORDPRESS:	5.4.6
PHP INFO:	7.0.33-27+ubuntu16.04.1+deb.sury.org+1 | SAPI: apache2handler
SERVER:		Apache/2.4.18 (Ubuntu) 
PHP TIME LIMIT: (0) no time limit imposed 
PHP MAX MEMORY: 4294967296 (512M default) 
MEMORY STACK: 2MB

********************************************************************************
DATABASE:
********************************************************************************
BUILD MODE:   MYSQLDUMP
MYSQLTIMEOUT: 5000
MYSQLDUMP:    Is Supported
SQL CREATED: BackUp_Diciembre_67fc83cbb7c2740b2967_20211228164411_database.sql
SQL FILE SIZE: 7.76MB (8141371)
SQL FILE TIME: 2021-12-28 16:44:16
SQL RUNTIME: 0.47 sec.

********************************************************************************
ARCHIVE (ZIP):
********************************************************************************
ARCHIVE DIR:  /var/www/html/cc
ARCHIVE FILE: BackUp_Diciembre_67fc83cbb7c2740b2967_20211228164411_archive.zip
FILTERS: *ON*
DIRS:
	/var/www/html/cc/wp-content/uploads
FILES:
	not set
EXTS:  not set
----------------------------------------
COMPRESSING
SIZE:	98.4MB
STATS:	Dirs 633 | Files 3,652
SQL ADDED: BackUp_Diciembre_67fc83cbb7c2740b2967_20211228164411_database.sql
ZipArchive Object
(
    [status] => 0
    [statusSys] => 0
    [numFiles] => 4285
    [filename] => /var/www/html/cc/wp-snapshots/tmp/BackUp_Diciembre_67fc83cbb7c2740b2967_20211228164411_archive.zip
    [comment] => 
)

FILE ADDED TO ZIP: 4284
COMPRESSION RESULT: '1'
COMPRESSED SIZE: 46.84MB
ARCHIVE RUNTIME: 8.08 sec.
MEMORY STACK: 4MB
building installer
add_extra_files1
add_extra_files2
add_extra_files3
add_extra_files4
Doing archive file check
add_extra_files5
add_extra_files6
add_extra_files8
Successfully opened zip /var/www/html/cc/wp-snapshots/tmp/BackUp_Diciembre_67fc83cbb7c2740b2967_20211228164411_archive.zip
Adding enhanced installer files to archive using ZipArchive
Installer files added to archive
Added to archive
After ziparchive close when adding installer

********************************************************************************
INTEGRITY CHECKS:
********************************************************************************
SQL FILE: 7.76MB
INSTALLER FILE: 61.31KB
ARCHIVE FILE: 48.33MB 
EXPECTED FILE/DIRECTORY COUNT: 4,285
ACTUAL FILE/DIRECTORY COUNT: 4,284
ARCHIVE CONSISTENCY TEST: Pass

********************************************************************************
RECORD ID:[7]
TOTAL PROCESS RUNTIME: 9.12 sec.
PEAK PHP MEMORY USED: 4MB
DONE PROCESSING => BackUp_Diciembre December 28, 2021 4:44 pm

